2022-03-10 19:15:45.099  INFO 27132 --- [restartedMain] c.d.S.t.SpringBootTutorialApplication    : Starting SpringBootTutorialApplication using Java 1.8.0 on ETZ-ABEL-TECH with PID 27132 (C:\Users\abel.agbachi\Desktop\Programming Videos\DailyCodeBuffer\Springboot-Tutorial-main\target\classes started by abel.agbachi in C:\Users\abel.agbachi\Desktop\Programming Videos\DailyCodeBuffer\Springboot-Tutorial-main)
2022-03-10 19:15:45.100  INFO 27132 --- [restartedMain] c.d.S.t.SpringBootTutorialApplication    : The following profiles are active: qa
2022-03-10 19:15:45.107  WARN 27132 --- [restartedMain] o.s.b.c.config.ConfigDataEnvironment     : Property 'spring.profiles' imported from location 'class path resource [application.yml]' is invalid and should be replaced with 'spring.config.activate.on-profile' [origin: class path resource [application.yml] - 55:13]
2022-03-10 19:15:45.108  WARN 27132 --- [restartedMain] o.s.b.c.config.ConfigDataEnvironment     : Property 'spring.profiles' imported from location 'class path resource [application.yml]' is invalid and should be replaced with 'spring.config.activate.on-profile' [origin: class path resource [application.yml] - 28:13]
2022-03-10 19:15:45.108  WARN 27132 --- [restartedMain] o.s.b.c.config.ConfigDataEnvironment     : Property 'spring.profiles' imported from location 'class path resource [application.yml]' is invalid and should be replaced with 'spring.config.activate.on-profile' [origin: class path resource [application.yml] - 11:13]
2022-03-10 19:15:45.738  INFO 27132 --- [restartedMain] .s.d.r.c.RepositoryConfigurationDelegate : Bootstrapping Spring Data JPA repositories in DEFAULT mode.
2022-03-10 19:15:45.779  INFO 27132 --- [restartedMain] .s.d.r.c.RepositoryConfigurationDelegate : Finished Spring Data repository scanning in 39 ms. Found 1 JPA repository interfaces.
2022-03-10 19:15:46.076  INFO 27132 --- [restartedMain] o.s.b.w.embedded.tomcat.TomcatWebServer  : Tomcat initialized with port(s): 8082 (http)
2022-03-10 19:15:46.078  INFO 27132 --- [restartedMain] o.apache.catalina.core.StandardService   : Starting service [Tomcat]
2022-03-10 19:15:46.078  INFO 27132 --- [restartedMain] org.apache.catalina.core.StandardEngine  : Starting Servlet engine: [Apache Tomcat/9.0.45]
2022-03-10 19:15:46.113  INFO 27132 --- [restartedMain] o.a.c.c.C.[Tomcat].[localhost].[/]       : Initializing Spring embedded WebApplicationContext
2022-03-10 19:15:46.114  INFO 27132 --- [restartedMain] w.s.c.ServletWebServerApplicationContext : Root WebApplicationContext: initialization completed in 1006 ms
2022-03-10 19:15:46.176  INFO 27132 --- [restartedMain] com.zaxxer.hikari.HikariDataSource       : HikariPool-6 - Starting...
2022-03-10 19:15:46.177  WARN 27132 --- [restartedMain] com.zaxxer.hikari.util.DriverDataSource  : Registered driver with driverClassName=com.mysql.jdbc.Driver was not found, trying direct instantiation.
2022-03-10 19:15:46.200  INFO 27132 --- [restartedMain] com.zaxxer.hikari.HikariDataSource       : HikariPool-6 - Start completed.
2022-03-10 19:15:46.201  INFO 27132 --- [restartedMain] o.s.b.a.h2.H2ConsoleAutoConfiguration    : H2 console available at '/h2-console'. Database available at 'jdbc:mysql://localhost:3306/dcbapp-qa'
2022-03-10 19:15:46.283  INFO 27132 --- [restartedMain] o.hibernate.jpa.internal.util.LogHelper  : HHH000204: Processing PersistenceUnitInfo [name: default]
2022-03-10 19:15:46.298  INFO 27132 --- [restartedMain] org.hibernate.dialect.Dialect            : HHH000400: Using dialect: org.hibernate.dialect.MySQL8Dialect
2022-03-10 19:15:46.379  INFO 27132 --- [restartedMain] o.h.e.t.j.p.i.JtaPlatformInitiator       : HHH000490: Using JtaPlatform implementation: [org.hibernate.engine.transaction.jta.platform.internal.NoJtaPlatform]
2022-03-10 19:15:46.380  INFO 27132 --- [restartedMain] j.LocalContainerEntityManagerFactoryBean : Initialized JPA EntityManagerFactory for persistence unit 'default'
2022-03-10 19:15:46.388  INFO 27132 --- [restartedMain] o.s.b.d.a.OptionalLiveReloadServer       : LiveReload server is running on port 35729
2022-03-10 19:15:46.536  WARN 27132 --- [restartedMain] JpaBaseConfiguration$JpaWebConfiguration : spring.jpa.open-in-view is enabled by default. Therefore, database queries may be performed during view rendering. Explicitly configure spring.jpa.open-in-view to disable this warning
2022-03-10 19:15:46.600  INFO 27132 --- [restartedMain] o.s.s.concurrent.ThreadPoolTaskExecutor  : Initializing ExecutorService 'applicationTaskExecutor'
2022-03-10 19:15:46.791  INFO 27132 --- [restartedMain] o.s.b.a.e.web.EndpointLinksResolver      : Exposing 13 endpoint(s) beneath base path '/actuator'
2022-03-10 19:15:46.817  INFO 27132 --- [restartedMain] o.s.b.w.embedded.tomcat.TomcatWebServer  : Tomcat started on port(s): 8082 (http) with context path ''
2022-03-10 19:15:46.832  INFO 27132 --- [restartedMain] c.d.S.t.SpringBootTutorialApplication    : Started SpringBootTutorialApplication in 1.799 seconds (JVM running for 22049.665)
2022-03-10 19:15:46.837  INFO 27132 --- [restartedMain] .ConditionEvaluationDeltaLoggingListener : Condition evaluation unchanged
2022-03-10 19:17:36.783  INFO 27132 --- [Thread-29] o.s.s.concurrent.ThreadPoolTaskExecutor  : Shutting down ExecutorService 'applicationTaskExecutor'
2022-03-10 19:17:36.789  INFO 27132 --- [Thread-29] j.LocalContainerEntityManagerFactoryBean : Closing JPA EntityManagerFactory for persistence unit 'default'
2022-03-10 19:17:36.791  INFO 27132 --- [Thread-29] com.zaxxer.hikari.HikariDataSource       : HikariPool-6 - Shutdown initiated...
2022-03-10 19:17:36.805  INFO 27132 --- [Thread-29] com.zaxxer.hikari.HikariDataSource       : HikariPool-6 - Shutdown completed.
